2023-07-27 02:27:09.577 [info] Added views:workbench.panel.markers.view in workbench.panel.markers
2023-07-27 02:27:09.577 [info] Added views:workbench.panel.output in workbench.panel.output
2023-07-27 02:27:09.577 [info] Added views:terminal in terminal
2023-07-27 02:27:09.577 [info] Added views:outline in workbench.view.explorer
2023-07-27 02:27:09.577 [info] Added views:workbench.scm in workbench.view.scm
2023-07-27 02:27:09.577 [info] Added views:workbench.view.search in workbench.view.search
2023-07-27 02:27:09.577 [info] Added views:timeline in workbench.view.explorer
2023-07-27 02:27:09.577 [info] Added views:workbench.explorer.emptyView in workbench.view.explorer
2023-07-27 02:27:09.945 [info] Added views:workbench.debug.welcome in workbench.view.debug
2023-07-27 02:27:10.083 [info] Added views:workbench.panel.repl.view in workbench.panel.repl
2023-07-27 02:27:11.604 [info] Added views:workbench.views.extensions.installed,workbench.views.extensions.popular,extensions.recommendedList in workbench.view.extensions
2023-07-27 02:27:11.608 [info] Removed views:workbench.views.extensions.popular from workbench.view.extensions
2023-07-27 02:27:12.977 [info] Removed views:extensions.recommendedList,workbench.views.extensions.installed from workbench.view.extensions
2023-07-27 02:27:12.990 [info] Added views:workbench.views.extensions.marketplace in workbench.view.extensions
2023-07-27 02:28:41.608 [info] Removed views:workbench.views.extensions.marketplace from workbench.view.extensions
2023-07-27 02:28:41.646 [info] Added views:workbench.views.extensions.installed,extensions.recommendedList in workbench.view.extensions
2023-07-27 02:31:55.155 [info] Removed views:extensions.recommendedList,workbench.views.extensions.installed from workbench.view.extensions
2023-07-27 02:31:55.165 [info] Added views:workbench.views.extensions.marketplace in workbench.view.extensions
2023-07-27 02:32:07.857 [info] Added views:projectsExplorerFavorites,projectManagerHelpAndFeedback in workbench.view.extension.project-manager
2023-07-27 02:32:07.859 [info] Added views:gitlens.views.home,gitlens.views.workspaces,gitlens.views.account in workbench.view.extension.gitlens
2023-07-27 02:32:07.860 [info] Added views:gitlens.views.commitDetails,gitlens.views.lineHistory,gitlens.views.fileHistory,gitlens.views.searchAndCompare in workbench.view.extension.gitlensInspect
2023-07-27 02:32:07.861 [info] Added views:gitlens.views.commits,gitlens.views.branches,gitlens.views.remotes,gitlens.views.stashes,gitlens.views.tags,gitlens.views.contributors in workbench.view.scm
2023-07-27 02:32:08.208 [info] Removed views:gitlens.views.searchAndCompare,gitlens.views.fileHistory,gitlens.views.lineHistory,gitlens.views.commitDetails from workbench.view.extension.gitlensInspect
2023-07-27 02:32:08.209 [info] Removed views:gitlens.views.contributors,gitlens.views.tags,gitlens.views.stashes,gitlens.views.remotes,gitlens.views.branches,gitlens.views.commits from workbench.view.scm
2023-07-27 02:32:08.316 [info] Added views:projectsExplorerGit in workbench.view.extension.project-manager
2023-07-27 02:33:06.302 [info] Removed views:workbench.views.extensions.marketplace from workbench.view.extensions
2023-07-27 02:33:06.344 [info] Added views:workbench.views.extensions.installed,extensions.recommendedList in workbench.view.extensions
2023-07-27 02:33:40.922 [info] Added views:workbench.panel.markers.view in workbench.panel.markers
2023-07-27 02:33:40.922 [info] Added views:workbench.panel.output in workbench.panel.output
2023-07-27 02:33:40.922 [info] Added views:terminal in terminal
2023-07-27 02:33:40.922 [info] Added views:outline in workbench.view.explorer
2023-07-27 02:33:40.922 [info] Added views:workbench.scm in workbench.view.scm
2023-07-27 02:33:40.922 [info] Added views:workbench.view.search in workbench.view.search
2023-07-27 02:33:40.922 [info] Added views:timeline in workbench.view.explorer
2023-07-27 02:33:40.922 [info] Added views:workbench.explorer.emptyView in workbench.view.explorer
2023-07-27 02:33:41.111 [info] Added views:projectsExplorerFavorites,projectManagerHelpAndFeedback in workbench.view.extension.project-manager
2023-07-27 02:33:41.320 [info] Added views:workbench.debug.welcome in workbench.view.debug
2023-07-27 02:33:41.413 [info] Added views:workbench.panel.repl.view in workbench.panel.repl
2023-07-27 02:33:41.622 [info] Added views:projectsExplorerGit in workbench.view.extension.project-manager
2023-07-27 02:33:43.030 [info] Added views:workbench.views.extensions.installed,extensions.recommendedList in workbench.view.extensions
2023-07-27 02:34:00.133 [info] Removed views:extensions.recommendedList,workbench.views.extensions.installed from workbench.view.extensions
2023-07-27 02:34:00.157 [info] Added views:workbench.views.extensions.marketplace in workbench.view.extensions
2023-07-27 02:34:25.470 [info] Added views:workbench.panel.markers.view in workbench.panel.markers
2023-07-27 02:34:25.470 [info] Added views:workbench.panel.output in workbench.panel.output
2023-07-27 02:34:25.470 [info] Added views:terminal in terminal
2023-07-27 02:34:25.470 [info] Added views:outline in workbench.view.explorer
2023-07-27 02:34:25.470 [info] Added views:workbench.scm in workbench.view.scm
2023-07-27 02:34:25.470 [info] Added views:workbench.view.search in workbench.view.search
2023-07-27 02:34:25.470 [info] Added views:timeline in workbench.view.explorer
2023-07-27 02:34:25.470 [info] Added views:workbench.explorer.emptyView in workbench.view.explorer
2023-07-27 02:34:25.678 [info] Added views:projectsExplorerFavorites,projectManagerHelpAndFeedback in workbench.view.extension.project-manager
2023-07-27 02:34:25.926 [info] Added views:workbench.debug.welcome in workbench.view.debug
2023-07-27 02:34:26.015 [info] Added views:workbench.panel.repl.view in workbench.panel.repl
2023-07-27 02:34:26.257 [info] Added views:projectsExplorerGit in workbench.view.extension.project-manager
2023-07-27 02:35:33.035 [info] Added views:workbench.panel.markers.view in workbench.panel.markers
2023-07-27 02:35:33.035 [info] Added views:workbench.panel.output in workbench.panel.output
2023-07-27 02:35:33.035 [info] Added views:terminal in terminal
2023-07-27 02:35:33.035 [info] Added views:outline in workbench.view.explorer
2023-07-27 02:35:33.035 [info] Added views:workbench.scm in workbench.view.scm
2023-07-27 02:35:33.035 [info] Added views:workbench.view.search in workbench.view.search
2023-07-27 02:35:33.035 [info] Added views:timeline in workbench.view.explorer
2023-07-27 02:35:33.035 [info] Added views:workbench.explorer.fileView in workbench.view.explorer
2023-07-27 02:35:33.242 [info] Added views:projectsExplorerFavorites,projectManagerHelpAndFeedback in workbench.view.extension.project-manager
2023-07-27 02:35:33.334 [info] Added views:workbench.debug.variablesView,workbench.debug.watchExpressionsView,workbench.debug.callStackView,workbench.debug.breakPointsView in workbench.view.debug
2023-07-27 02:35:33.442 [info] Added views:workbench.panel.repl.view in workbench.panel.repl
2023-07-27 02:35:33.443 [info] Removed views:workbench.debug.breakPointsView,workbench.debug.callStackView,workbench.debug.watchExpressionsView,workbench.debug.variablesView from workbench.view.debug
2023-07-27 02:35:33.443 [info] Added views:workbench.debug.welcome in workbench.view.debug
2023-07-27 02:35:33.782 [info] Added views:workbench.view.testing in workbench.view.extension.test
2023-07-27 02:35:33.798 [info] Added views:go.explorer in workbench.view.explorer
2023-07-27 02:35:33.859 [info] Added views:projectsExplorerGit in workbench.view.extension.project-manager
2023-07-27 02:35:49.114 [info] Added views:workbench.views.extensions.installed,workbench.views.extensions.popular,extensions.recommendedList in workbench.view.extensions
2023-07-27 02:35:49.120 [info] Removed views:workbench.views.extensions.popular from workbench.view.extensions
2023-07-27 02:35:52.266 [info] Removed views:extensions.recommendedList,workbench.views.extensions.installed from workbench.view.extensions
2023-07-27 02:35:52.282 [info] Added views:workbench.views.extensions.marketplace in workbench.view.extensions
2023-07-27 02:35:52.346 [info] Removed views:workbench.views.extensions.marketplace from workbench.view.extensions
2023-07-27 02:35:52.365 [info] Added views:workbench.views.extensions.installed,extensions.recommendedList in workbench.view.extensions
2023-07-27 02:35:53.414 [info] Removed views:extensions.recommendedList,workbench.views.extensions.installed from workbench.view.extensions
2023-07-27 02:35:53.429 [info] Added views:workbench.views.extensions.marketplace in workbench.view.extensions
2023-07-27 02:35:56.485 [info] Removed views:workbench.views.extensions.marketplace from workbench.view.extensions
2023-07-27 02:35:56.522 [info] Added views:workbench.views.extensions.installed,extensions.recommendedList in workbench.view.extensions
2023-07-27 02:36:03.553 [info] Removed views:extensions.recommendedList,workbench.views.extensions.installed from workbench.view.extensions
2023-07-27 02:36:03.581 [info] Added views:workbench.views.extensions.marketplace in workbench.view.extensions
2023-07-27 02:36:18.754 [info] Removed views:workbench.views.extensions.marketplace from workbench.view.extensions
2023-07-27 02:36:18.794 [info] Added views:workbench.views.extensions.installed,extensions.recommendedList in workbench.view.extensions
2023-07-27 02:36:22.553 [info] Removed views:extensions.recommendedList,workbench.views.extensions.installed from workbench.view.extensions
2023-07-27 02:36:22.578 [info] Added views:workbench.views.extensions.marketplace in workbench.view.extensions
2023-07-27 02:36:57.649 [info] Removed views:workbench.views.extensions.marketplace from workbench.view.extensions
2023-07-27 02:36:57.690 [info] Added views:workbench.views.extensions.installed,extensions.recommendedList in workbench.view.extensions
2023-07-27 02:37:02.061 [info] Removed views:workbench.view.testing from workbench.view.extension.test
2023-07-27 02:37:03.070 [info] Added views:workbench.panel.markers.view in workbench.panel.markers
2023-07-27 02:37:03.070 [info] Added views:workbench.panel.output in workbench.panel.output
2023-07-27 02:37:03.070 [info] Added views:terminal in terminal
2023-07-27 02:37:03.070 [info] Added views:outline in workbench.view.explorer
2023-07-27 02:37:03.070 [info] Added views:workbench.scm in workbench.view.scm
2023-07-27 02:37:03.070 [info] Added views:workbench.view.search in workbench.view.search
2023-07-27 02:37:03.070 [info] Added views:timeline in workbench.view.explorer
2023-07-27 02:37:03.070 [info] Added views:workbench.explorer.fileView in workbench.view.explorer
2023-07-27 02:37:03.273 [info] Added views:projectsExplorerFavorites,projectManagerHelpAndFeedback in workbench.view.extension.project-manager
2023-07-27 02:37:03.462 [info] Added views:workbench.debug.welcome in workbench.view.debug
2023-07-27 02:37:03.535 [info] Added views:workbench.panel.repl.view in workbench.panel.repl
2023-07-27 02:37:03.731 [info] Added views:workbench.views.extensions.installed,extensions.recommendedList in workbench.view.extensions
2023-07-27 02:37:04.106 [info] Added views:workbench.view.testing in workbench.view.extension.test
2023-07-27 02:37:04.113 [info] Added views:go.explorer in workbench.view.explorer
2023-07-27 02:37:04.224 [info] Added views:projectsExplorerGit in workbench.view.extension.project-manager
2023-07-27 02:39:35.555 [info] Removed views:workbench.view.testing from workbench.view.extension.test
