2023-07-27 02:36:37.103 [info] Configuration changed
2023-07-27 02:36:43.159 [info] /home/birahe/.config/Code - OSS/User/settings.json closed
2023-07-27 02:36:43.186 [info] Configuration changed
2023-07-27 02:37:03.723 [info] Configuration changed
2023-07-27 02:37:04.029 [info] Configuration changed
2023-07-27 02:37:16.268 [info] Active editor: file:///home/birahe/Projects/GoLang-Snippetbox/cmd/web/main.go
2023-07-27 02:37:23.141 [info] /usr/lib/go/src/log/log.go closed
2023-07-27 02:37:23.321 [info] /usr/lib/go/src/log/log.go closed
2023-07-27 02:37:38.948 [info] Active editor: vscode-userdata:/home/birahe/.config/Code%20-%20OSS/User/settings.json
2023-07-27 02:37:39.366 [info] Configuration changed
2023-07-27 02:37:48.946 [info] Executing :w
2023-07-27 02:37:49.258 [info] Configuration changed
2023-07-27 02:37:50.460 [info] Executing :w
2023-07-27 02:38:02.854 [info] Executing :w
2023-07-27 02:38:03.130 [info] Configuration changed
2023-07-27 02:38:23.814 [info] /home/birahe/.config/Code - OSS/User/keybindings.json closed
2023-07-27 02:38:25.978 [info] Active editor: vscode-userdata:/home/birahe/.config/Code%20-%20OSS/User/settings.json
2023-07-27 02:38:28.002 [info] Executing :q
2023-07-27 02:38:28.050 [warning] getLineLength() called with out-of-bounds line 7
2023-07-27 02:38:28.050 [warning] getLineLength() called with out-of-bounds line 7
2023-07-27 02:38:28.876 [info] Active editor: vscode-userdata:/home/birahe/.config/Code%20-%20OSS/User/settings.json
2023-07-27 02:38:32.761 [warning] invalid cursor position. [[7, 4] | [7, 4]].
2023-07-27 02:38:32.761 [warning] invalid cursor position. [[7, 4] | [7, 4]].
2023-07-27 02:38:34.266 [info] Executing :wq
2023-07-27 02:38:34.305 [warning] getLineLength() called with out-of-bounds line 7
2023-07-27 02:38:34.305 [warning] getLineLength() called with out-of-bounds line 7
2023-07-27 02:38:37.373 [info] Active editor: file:///home/birahe/Projects/GoLang-Snippetbox/cmd/web/main.go
2023-07-27 02:38:41.849 [info] Active editor: file:///home/birahe/Projects/GoLang-Snippetbox/cmd/web/main.go
