2023-07-27 02:23:07.337 [info] Added views:workbench.panel.markers.view in workbench.panel.markers
2023-07-27 02:23:07.338 [info] Added views:workbench.panel.output in workbench.panel.output
2023-07-27 02:23:07.338 [info] Added views:terminal in terminal
2023-07-27 02:23:07.338 [info] Added views:outline in workbench.view.explorer
2023-07-27 02:23:07.338 [info] Added views:workbench.scm in workbench.view.scm
2023-07-27 02:23:07.338 [info] Added views:workbench.view.search in workbench.view.search
2023-07-27 02:23:07.338 [info] Added views:timeline in workbench.view.explorer
2023-07-27 02:23:07.338 [info] Added views:workbench.explorer.emptyView in workbench.view.explorer
2023-07-27 02:23:07.606 [info] Added views:workbench.debug.welcome in workbench.view.debug
2023-07-27 02:23:07.767 [info] Added views:workbench.panel.repl.view in workbench.panel.repl
2023-07-27 02:24:01.225 [info] Added views:workbench.views.extensions.installed,workbench.views.extensions.popular,extensions.recommendedList in workbench.view.extensions
2023-07-27 02:24:01.232 [info] Removed views:workbench.views.extensions.popular from workbench.view.extensions
2023-07-27 02:25:37.410 [info] Added views:workbench.panel.markers.view in workbench.panel.markers
2023-07-27 02:25:37.410 [info] Added views:workbench.panel.output in workbench.panel.output
2023-07-27 02:25:37.410 [info] Added views:terminal in terminal
2023-07-27 02:25:37.410 [info] Added views:outline in workbench.view.explorer
2023-07-27 02:25:37.410 [info] Added views:workbench.scm in workbench.view.scm
2023-07-27 02:25:37.410 [info] Added views:workbench.view.search in workbench.view.search
2023-07-27 02:25:37.410 [info] Added views:timeline in workbench.view.explorer
2023-07-27 02:25:37.410 [info] Added views:workbench.explorer.emptyView in workbench.view.explorer
2023-07-27 02:25:37.822 [info] Added views:workbench.debug.welcome in workbench.view.debug
2023-07-27 02:25:37.884 [info] Added views:workbench.panel.repl.view in workbench.panel.repl
2023-07-27 02:25:38.220 [info] Added views:workbench.views.extensions.installed,workbench.views.extensions.popular,extensions.recommendedList in workbench.view.extensions
2023-07-27 02:26:04.017 [info] Removed views:extensions.recommendedList,workbench.views.extensions.popular,workbench.views.extensions.installed from workbench.view.extensions
2023-07-27 02:26:04.032 [info] Added views:workbench.views.extensions.marketplace in workbench.view.extensions
2023-07-27 02:26:05.600 [info] Removed views:workbench.views.extensions.marketplace from workbench.view.extensions
2023-07-27 02:26:05.645 [info] Added views:workbench.views.extensions.installed,workbench.views.extensions.popular,extensions.recommendedList in workbench.view.extensions
2023-07-27 02:26:06.355 [info] Removed views:extensions.recommendedList,workbench.views.extensions.popular,workbench.views.extensions.installed from workbench.view.extensions
2023-07-27 02:26:06.382 [info] Added views:workbench.views.extensions.marketplace in workbench.view.extensions
2023-07-27 02:26:38.885 [info] Removed views:workbench.views.extensions.marketplace from workbench.view.extensions
2023-07-27 02:26:38.909 [info] Added views:workbench.views.extensions.installed,workbench.views.extensions.popular,extensions.recommendedList in workbench.view.extensions
