2023-07-25 04:35:58.795 [info] Added views:workbench.panel.markers.view in workbench.panel.markers
2023-07-25 04:35:58.796 [info] Added views:workbench.panel.output in workbench.panel.output
2023-07-25 04:35:58.796 [info] Added views:terminal in terminal
2023-07-25 04:35:58.796 [info] Added views:outline in workbench.view.explorer
2023-07-25 04:35:58.796 [info] Added views:workbench.scm in workbench.view.scm
2023-07-25 04:35:58.796 [info] Added views:workbench.view.search in workbench.view.search
2023-07-25 04:35:58.796 [info] Added views:timeline in workbench.view.explorer
2023-07-25 04:35:58.796 [info] Added views:workbench.explorer.emptyView in workbench.view.explorer
2023-07-25 04:35:59.308 [info] Added views:workbench.debug.variablesView,workbench.debug.watchExpressionsView,workbench.debug.callStackView,workbench.debug.breakPointsView in workbench.view.debug
2023-07-25 04:35:59.331 [info] Added views:workbench.panel.repl.view in workbench.panel.repl
2023-07-25 04:35:59.333 [info] Removed views:workbench.debug.breakPointsView,workbench.debug.callStackView,workbench.debug.watchExpressionsView,workbench.debug.variablesView from workbench.view.debug
2023-07-25 04:35:59.334 [info] Added views:workbench.debug.welcome in workbench.view.debug
2023-07-25 04:36:46.564 [info] Added views:workbench.views.extensions.installed,workbench.views.extensions.popular,extensions.recommendedList in workbench.view.extensions
2023-07-25 04:36:46.567 [info] Removed views:workbench.views.extensions.popular from workbench.view.extensions
2023-07-25 04:36:46.922 [info] Added views:workbench.views.extensions.popular in workbench.view.extensions
2023-07-25 04:36:59.150 [info] Removed views:extensions.recommendedList,workbench.views.extensions.popular,workbench.views.extensions.installed from workbench.view.extensions
2023-07-25 04:36:59.178 [info] Added views:workbench.views.extensions.marketplace in workbench.view.extensions
2023-07-25 04:36:59.631 [info] Removed views:workbench.views.extensions.marketplace from workbench.view.extensions
2023-07-25 04:36:59.687 [info] Added views:workbench.views.extensions.installed,workbench.views.extensions.popular,extensions.recommendedList in workbench.view.extensions
2023-07-25 04:37:01.009 [info] Removed views:extensions.recommendedList,workbench.views.extensions.popular,workbench.views.extensions.installed from workbench.view.extensions
2023-07-25 04:37:01.024 [info] Added views:workbench.views.extensions.marketplace in workbench.view.extensions
