2023-07-27 02:27:10.044 [info] Deleted from disk s-nlf-fh.glassit /home/birahe/.vscode-oss/extensions/s-nlf-fh.glassit-0.2.3-universal
2023-07-27 02:27:13.677 [info] Getting Manifest... esbenp.prettier-vscode
2023-07-27 02:27:13.678 [info] Getting Manifest... golang.go
2023-07-27 02:27:13.896 [info] Installing extension: golang.go
2023-07-27 02:27:13.896 [info] Installing extension: esbenp.prettier-vscode
2023-07-27 02:27:14.143 [info] Extension installed successfully: esbenp.prettier-vscode
2023-07-27 02:27:15.327 [info] Extension signature verification is not done: golang.go
2023-07-27 02:27:15.437 [info] Extracted extension to /home/birahe/.vscode-oss/extensions/.486f7007-9ea7-425e-90be-9d4224ead32f: golang.go
2023-07-27 02:27:15.444 [info] Renamed to /home/birahe/.vscode-oss/extensions/golang.go-0.39.1
2023-07-27 02:27:15.446 [info] Extracting extension completed. golang.go
2023-07-27 02:27:15.455 [info] Extension installed successfully: golang.go
2023-07-27 02:27:15.458 [info] Marked extension as uninstalled golang.go-0.39.0-universal
2023-07-27 02:27:16.750 [info] Getting Manifest... visualstudioexptteam.vscodeintellicode
2023-07-27 02:27:16.758 [info] Installing extension: visualstudioexptteam.vscodeintellicode
2023-07-27 02:27:17.040 [info] Getting Manifest... visualstudioexptteam.intellicode-api-usage-examples
2023-07-27 02:27:17.129 [info] Installing extension: visualstudioexptteam.intellicode-api-usage-examples visualstudioexptteam.vscodeintellicode
2023-07-27 02:27:17.839 [info] Getting Manifest... christian-kohler.path-intellisense
2023-07-27 02:27:17.846 [info] Installing extension: christian-kohler.path-intellisense
2023-07-27 02:27:19.447 [info] Extension signature verification is not done: christian-kohler.path-intellisense
2023-07-27 02:27:19.510 [info] Extension signature verification is not done: visualstudioexptteam.intellicode-api-usage-examples
2023-07-27 02:27:19.542 [info] Extracted extension to /home/birahe/.vscode-oss/extensions/.16a3a4ae-cca8-4cac-81ee-1957ad47c45b: christian-kohler.path-intellisense
2023-07-27 02:27:19.545 [info] Renamed to /home/birahe/.vscode-oss/extensions/christian-kohler.path-intellisense-2.8.4
2023-07-27 02:27:19.546 [info] Extracting extension completed. christian-kohler.path-intellisense
2023-07-27 02:27:19.553 [info] Extension installed successfully: christian-kohler.path-intellisense
2023-07-27 02:27:19.685 [info] Extracted extension to /home/birahe/.vscode-oss/extensions/.2eaee2d4-68c1-4ac9-b695-6424b883bb84: visualstudioexptteam.intellicode-api-usage-examples
2023-07-27 02:27:19.689 [info] Renamed to /home/birahe/.vscode-oss/extensions/visualstudioexptteam.intellicode-api-usage-examples-0.2.7
2023-07-27 02:27:19.691 [info] Extracting extension completed. visualstudioexptteam.intellicode-api-usage-examples
2023-07-27 02:27:34.243 [info] Getting Manifest... dlasagno.wal-theme
2023-07-27 02:27:34.248 [info] Installing extension: dlasagno.wal-theme
2023-07-27 02:27:34.996 [info] Extension signature verification is not done: dlasagno.wal-theme
2023-07-27 02:27:35.123 [info] Extracted extension to /home/birahe/.vscode-oss/extensions/.4e5c7c45-57d7-4735-91d3-07bc14a1f4a7: dlasagno.wal-theme
2023-07-27 02:27:35.128 [info] Renamed to /home/birahe/.vscode-oss/extensions/dlasagno.wal-theme-1.2.0
2023-07-27 02:27:35.129 [info] Extracting extension completed. dlasagno.wal-theme
2023-07-27 02:27:35.136 [info] Extension installed successfully: dlasagno.wal-theme
2023-07-27 02:28:13.494 [info] Uninstalling extension from the profile: dlasagno.wal-theme@1.2.0 vscode-userdata:/home/birahe/.vscode-oss/extensions/extensions.json
2023-07-27 02:28:13.514 [info] Marked extension as uninstalled dlasagno.wal-theme-1.2.0
2023-07-27 02:28:13.733 [info] Successfully uninstalled extension from the profile dlasagno.wal-theme@1.2.0 vscode-userdata:/home/birahe/.vscode-oss/extensions/extensions.json
2023-07-27 02:28:26.223 [info] Getting Manifest... marlosirapuan.nord-deep
2023-07-27 02:28:26.242 [info] Installing extension: marlosirapuan.nord-deep
2023-07-27 02:28:26.971 [info] Extension signature verification is not done: marlosirapuan.nord-deep
2023-07-27 02:28:26.996 [info] Extracted extension to /home/birahe/.vscode-oss/extensions/.ae77f9b8-715f-4eeb-a478-398b269fa7da: marlosirapuan.nord-deep
2023-07-27 02:28:26.999 [info] Renamed to /home/birahe/.vscode-oss/extensions/marlosirapuan.nord-deep-0.1.624
2023-07-27 02:28:27.001 [info] Extracting extension completed. marlosirapuan.nord-deep
2023-07-27 02:28:27.011 [info] Extension installed successfully: marlosirapuan.nord-deep
2023-07-27 02:28:37.895 [info] Extension signature verification is not done: visualstudioexptteam.vscodeintellicode
2023-07-27 02:28:39.806 [info] Extracted extension to /home/birahe/.vscode-oss/extensions/.69089f4b-38f1-4f22-8ec0-e13143aa9171: visualstudioexptteam.vscodeintellicode
2023-07-27 02:28:39.815 [info] Renamed to /home/birahe/.vscode-oss/extensions/visualstudioexptteam.vscodeintellicode-1.2.30
2023-07-27 02:28:39.819 [info] Extracting extension completed. visualstudioexptteam.vscodeintellicode
2023-07-27 02:28:39.826 [info] Extension installed successfully: visualstudioexptteam.intellicode-api-usage-examples
2023-07-27 02:28:39.826 [info] Extension installed successfully: visualstudioexptteam.vscodeintellicode
2023-07-27 02:31:55.588 [info] Getting Manifest... donjayamanne.git-extension-pack
2023-07-27 02:31:55.595 [info] Installing extension: donjayamanne.git-extension-pack
2023-07-27 02:31:56.328 [info] Getting Manifest... eamodio.gitlens
2023-07-27 02:31:56.457 [info] Getting Manifest... donjayamanne.githistory
2023-07-27 02:31:56.525 [info] Getting Manifest... alefragnani.project-manager
2023-07-27 02:31:56.641 [info] Getting Manifest... codezombiech.gitignore
2023-07-27 02:31:56.766 [info] Getting Manifest... ziyasal.vscode-open-in-github
2023-07-27 02:31:56.995 [info] Installing extension: eamodio.gitlens donjayamanne.git-extension-pack
2023-07-27 02:31:56.995 [info] Installing extension: donjayamanne.githistory donjayamanne.git-extension-pack
2023-07-27 02:31:56.996 [info] Installing extension: alefragnani.project-manager donjayamanne.git-extension-pack
2023-07-27 02:31:56.996 [info] Installing extension: codezombiech.gitignore donjayamanne.git-extension-pack
2023-07-27 02:31:56.996 [info] Installing extension: ziyasal.vscode-open-in-github donjayamanne.git-extension-pack
2023-07-27 02:31:58.670 [info] Extension signature verification is not done: ziyasal.vscode-open-in-github
2023-07-27 02:31:58.800 [info] Extracted extension to /home/birahe/.vscode-oss/extensions/.0485c17f-6d4b-4196-bf20-54157aef4a6e: ziyasal.vscode-open-in-github
2023-07-27 02:31:58.811 [info] Renamed to /home/birahe/.vscode-oss/extensions/ziyasal.vscode-open-in-github-1.3.6
2023-07-27 02:31:58.812 [info] Extracting extension completed. ziyasal.vscode-open-in-github
2023-07-27 02:32:00.066 [info] Extension signature verification is not done: codezombiech.gitignore
2023-07-27 02:32:00.079 [info] Extracted extension to /home/birahe/.vscode-oss/extensions/.96479c05-1aec-4cac-bfdb-a877fbe6962f: codezombiech.gitignore
2023-07-27 02:32:00.084 [info] Renamed to /home/birahe/.vscode-oss/extensions/codezombiech.gitignore-0.9.0
2023-07-27 02:32:00.087 [info] Extracting extension completed. codezombiech.gitignore
2023-07-27 02:32:01.784 [info] Extension signature verification is not done: donjayamanne.githistory
2023-07-27 02:32:01.855 [info] Extracted extension to /home/birahe/.vscode-oss/extensions/.bfdf12d2-0da1-4658-8c50-663fd9e8a456: donjayamanne.githistory
2023-07-27 02:32:01.859 [info] Renamed to /home/birahe/.vscode-oss/extensions/donjayamanne.githistory-0.6.20
2023-07-27 02:32:01.861 [info] Extracting extension completed. donjayamanne.githistory
2023-07-27 02:32:03.836 [info] Extension signature verification is not done: alefragnani.project-manager
2023-07-27 02:32:03.915 [info] Extracted extension to /home/birahe/.vscode-oss/extensions/.93157efc-9498-4ce8-9a53-ff00cd0a981f: alefragnani.project-manager
2023-07-27 02:32:03.918 [info] Renamed to /home/birahe/.vscode-oss/extensions/alefragnani.project-manager-12.7.0
2023-07-27 02:32:03.920 [info] Extracting extension completed. alefragnani.project-manager
2023-07-27 02:32:06.495 [info] Extension signature verification is not done: eamodio.gitlens
2023-07-27 02:32:06.798 [info] Extracted extension to /home/birahe/.vscode-oss/extensions/.24f5c030-9c30-4924-ad3f-85a8b970d894: eamodio.gitlens
2023-07-27 02:32:06.814 [info] Renamed to /home/birahe/.vscode-oss/extensions/eamodio.gitlens-14.1.1
2023-07-27 02:32:06.819 [info] Extracting extension completed. eamodio.gitlens
2023-07-27 02:32:07.626 [info] Extension signature verification is not done: donjayamanne.git-extension-pack
2023-07-27 02:32:07.635 [info] Extracted extension to /home/birahe/.vscode-oss/extensions/.555ab50a-6626-40aa-9312-44ceea3e031f: donjayamanne.git-extension-pack
2023-07-27 02:32:07.637 [info] Renamed to /home/birahe/.vscode-oss/extensions/donjayamanne.git-extension-pack-0.1.3
2023-07-27 02:32:07.638 [info] Extracting extension completed. donjayamanne.git-extension-pack
2023-07-27 02:32:07.652 [info] Extension installed successfully: ziyasal.vscode-open-in-github
2023-07-27 02:32:07.653 [info] Extension installed successfully: codezombiech.gitignore
2023-07-27 02:32:07.653 [info] Extension installed successfully: donjayamanne.githistory
2023-07-27 02:32:07.653 [info] Extension installed successfully: alefragnani.project-manager
2023-07-27 02:32:07.653 [info] Extension installed successfully: eamodio.gitlens
2023-07-27 02:32:07.654 [info] Extension installed successfully: donjayamanne.git-extension-pack
2023-07-27 02:32:33.293 [info] Getting Manifest... waderyan.nodejs-extension-pack
2023-07-27 02:32:33.302 [info] Installing extension: waderyan.nodejs-extension-pack
2023-07-27 02:32:33.643 [info] Getting Manifest... dbaeumer.vscode-eslint
2023-07-27 02:32:33.698 [info] Getting Manifest... xabikos.javascriptsnippets
2023-07-27 02:32:33.750 [info] Getting Manifest... christian-kohler.path-intellisense
2023-07-27 02:32:33.757 [info] Getting Manifest... eg2.vscode-npm-script
2023-07-27 02:32:33.848 [info] Getting Manifest... christian-kohler.npm-intellisense
2023-07-27 02:32:33.901 [info] Getting Manifest... jasonnutter.search-node-modules
2023-07-27 02:32:34.144 [info] Installing extension: dbaeumer.vscode-eslint waderyan.nodejs-extension-pack
2023-07-27 02:32:34.144 [info] Installing extension: xabikos.javascriptsnippets waderyan.nodejs-extension-pack
2023-07-27 02:32:34.144 [info] Installing extension: eg2.vscode-npm-script waderyan.nodejs-extension-pack
2023-07-27 02:32:34.144 [info] Installing extension: christian-kohler.npm-intellisense waderyan.nodejs-extension-pack
2023-07-27 02:32:34.145 [info] Installing extension: jasonnutter.search-node-modules waderyan.nodejs-extension-pack
2023-07-27 02:32:34.760 [info] Extension signature verification is not done: xabikos.javascriptsnippets
2023-07-27 02:32:34.768 [info] Extracted extension to /home/birahe/.vscode-oss/extensions/.f02cef74-06ac-4688-bead-3d984eab9490: xabikos.javascriptsnippets
2023-07-27 02:32:34.771 [info] Renamed to /home/birahe/.vscode-oss/extensions/xabikos.javascriptsnippets-1.8.0
2023-07-27 02:32:34.772 [info] Extracting extension completed. xabikos.javascriptsnippets
2023-07-27 02:32:34.954 [info] Extension signature verification is not done: eg2.vscode-npm-script
2023-07-27 02:32:35.006 [info] Extracted extension to /home/birahe/.vscode-oss/extensions/.529a74a1-6261-4bfd-9076-1c646edc4b0c: eg2.vscode-npm-script
2023-07-27 02:32:35.009 [info] Renamed to /home/birahe/.vscode-oss/extensions/eg2.vscode-npm-script-0.3.29
2023-07-27 02:32:35.010 [info] Extracting extension completed. eg2.vscode-npm-script
2023-07-27 02:32:36.470 [info] Extension signature verification is not done: christian-kohler.npm-intellisense
2023-07-27 02:32:36.483 [info] Extension signature verification is not done: jasonnutter.search-node-modules
2023-07-27 02:32:36.496 [info] Extracted extension to /home/birahe/.vscode-oss/extensions/.7531f838-3d77-49da-be4a-040805086dfe: jasonnutter.search-node-modules
2023-07-27 02:32:36.501 [info] Renamed to /home/birahe/.vscode-oss/extensions/jasonnutter.search-node-modules-1.3.0
2023-07-27 02:32:36.503 [info] Extracting extension completed. jasonnutter.search-node-modules
2023-07-27 02:32:36.517 [info] Extension signature verification is not done: dbaeumer.vscode-eslint
2023-07-27 02:32:36.535 [info] Extracted extension to /home/birahe/.vscode-oss/extensions/.f610ca25-29aa-475a-b523-7a14116d731b: christian-kohler.npm-intellisense
2023-07-27 02:32:36.538 [info] Renamed to /home/birahe/.vscode-oss/extensions/christian-kohler.npm-intellisense-1.4.4
2023-07-27 02:32:36.542 [info] Extracting extension completed. christian-kohler.npm-intellisense
2023-07-27 02:32:36.557 [info] Extracted extension to /home/birahe/.vscode-oss/extensions/.712638a8-5f0f-442a-a226-0becfa480454: dbaeumer.vscode-eslint
2023-07-27 02:32:36.561 [info] Renamed to /home/birahe/.vscode-oss/extensions/dbaeumer.vscode-eslint-2.4.2
2023-07-27 02:32:36.563 [info] Extracting extension completed. dbaeumer.vscode-eslint
2023-07-27 02:32:37.120 [info] Extension signature verification is not done: waderyan.nodejs-extension-pack
2023-07-27 02:32:37.130 [info] Extracted extension to /home/birahe/.vscode-oss/extensions/.9c8af5d5-2743-4f31-9dc3-55b89271c836: waderyan.nodejs-extension-pack
2023-07-27 02:32:37.134 [info] Renamed to /home/birahe/.vscode-oss/extensions/waderyan.nodejs-extension-pack-0.1.9
2023-07-27 02:32:37.136 [info] Extracting extension completed. waderyan.nodejs-extension-pack
2023-07-27 02:32:37.148 [info] Extension installed successfully: xabikos.javascriptsnippets
2023-07-27 02:32:37.149 [info] Extension installed successfully: eg2.vscode-npm-script
2023-07-27 02:32:37.149 [info] Extension installed successfully: jasonnutter.search-node-modules
2023-07-27 02:32:37.149 [info] Extension installed successfully: christian-kohler.npm-intellisense
2023-07-27 02:32:37.150 [info] Extension installed successfully: dbaeumer.vscode-eslint
2023-07-27 02:32:37.150 [info] Extension installed successfully: waderyan.nodejs-extension-pack
2023-07-27 02:33:16.344 [info] Uninstalling extension from the profile: eamodio.gitlens@14.1.1 vscode-userdata:/home/birahe/.vscode-oss/extensions/extensions.json
2023-07-27 02:33:16.383 [error] Failed to uninstall extension from the profile: eamodio.gitlens@14.1.1 vscode-userdata:/home/birahe/.vscode-oss/extensions/extensions.json Cannot uninstall 'GitLens — Git supercharged' extension. 'Git Extension Pack' extension depends on this.
2023-07-27 02:33:20.375 [info] Getting Manifest... esbenp.prettier-vscode
2023-07-27 02:33:20.383 [info] Installing extension: esbenp.prettier-vscode
2023-07-27 02:33:20.618 [info] Extension installed successfully: esbenp.prettier-vscode
2023-07-27 02:33:23.358 [info] Uninstalling extension from the profile: eamodio.gitlens@14.1.1 vscode-userdata:/home/birahe/.vscode-oss/extensions/extensions.json
2023-07-27 02:33:23.377 [error] Failed to uninstall extension from the profile: eamodio.gitlens@14.1.1 vscode-userdata:/home/birahe/.vscode-oss/extensions/extensions.json Cannot uninstall 'GitLens — Git supercharged' extension. 'Git Extension Pack' extension depends on this.
2023-07-27 02:33:32.857 [info] Uninstalling extension from the profile: donjayamanne.git-extension-pack@0.1.3 vscode-userdata:/home/birahe/.vscode-oss/extensions/extensions.json
2023-07-27 02:33:32.888 [info] Marked extension as uninstalled donjayamanne.git-extension-pack-0.1.3
2023-07-27 02:33:33.137 [info] Successfully uninstalled extension from the profile donjayamanne.git-extension-pack@0.1.3 vscode-userdata:/home/birahe/.vscode-oss/extensions/extensions.json
2023-07-27 02:33:36.787 [info] Uninstalling extension from the profile: eamodio.gitlens@14.1.1 vscode-userdata:/home/birahe/.vscode-oss/extensions/extensions.json
2023-07-27 02:33:36.820 [info] Marked extension as uninstalled eamodio.gitlens-14.1.1
2023-07-27 02:33:37.126 [info] Successfully uninstalled extension from the profile eamodio.gitlens@14.1.1 vscode-userdata:/home/birahe/.vscode-oss/extensions/extensions.json
2023-07-27 02:33:46.740 [info] Getting Manifest... esbenp.prettier-vscode
2023-07-27 02:33:46.749 [info] Installing extension: esbenp.prettier-vscode
2023-07-27 02:33:46.951 [info] Extension installed successfully: esbenp.prettier-vscode
2023-07-27 02:34:03.113 [info] Uninstalling extension from the profile: waderyan.nodejs-extension-pack@0.1.9 vscode-userdata:/home/birahe/.vscode-oss/extensions/extensions.json
2023-07-27 02:34:03.151 [info] Marked extension as uninstalled waderyan.nodejs-extension-pack-0.1.9
2023-07-27 02:34:03.388 [info] Successfully uninstalled extension from the profile waderyan.nodejs-extension-pack@0.1.9 vscode-userdata:/home/birahe/.vscode-oss/extensions/extensions.json
2023-07-27 02:34:05.986 [info] Uninstalling extension from the profile: eg2.vscode-npm-script@0.3.29 vscode-userdata:/home/birahe/.vscode-oss/extensions/extensions.json
2023-07-27 02:34:06.016 [info] Marked extension as uninstalled eg2.vscode-npm-script-0.3.29
2023-07-27 02:34:06.208 [info] Successfully uninstalled extension from the profile eg2.vscode-npm-script@0.3.29 vscode-userdata:/home/birahe/.vscode-oss/extensions/extensions.json
2023-07-27 02:34:29.230 [info] Getting Manifest... esbenp.prettier-vscode
2023-07-27 02:34:29.240 [info] Installing extension: esbenp.prettier-vscode
2023-07-27 02:34:29.422 [info] Extension installed successfully: esbenp.prettier-vscode
2023-07-27 02:35:36.768 [info] Getting Manifest... esbenp.prettier-vscode
2023-07-27 02:35:36.774 [info] Installing extension: esbenp.prettier-vscode
2023-07-27 02:35:36.942 [info] Extension installed successfully: esbenp.prettier-vscode
2023-07-27 02:36:10.529 [info] Getting Manifest... vscodevim.vim
2023-07-27 02:36:10.539 [info] Installing extension: vscodevim.vim
2023-07-27 02:36:11.748 [info] Extension signature verification is not done: vscodevim.vim
2023-07-27 02:36:11.829 [info] Extracted extension to /home/birahe/.vscode-oss/extensions/.9c2e4127-b451-4eea-9b9c-ca48287fab18: vscodevim.vim
2023-07-27 02:36:11.838 [info] Renamed to /home/birahe/.vscode-oss/extensions/vscodevim.vim-1.25.2
2023-07-27 02:36:11.840 [info] Extracting extension completed. vscodevim.vim
2023-07-27 02:36:11.847 [info] Extension installed successfully: vscodevim.vim
2023-07-27 02:36:35.484 [info] Getting Manifest... pkief.material-icon-theme
2023-07-27 02:36:35.507 [info] Installing extension: pkief.material-icon-theme
2023-07-27 02:36:36.479 [info] Extension signature verification is not done: pkief.material-icon-theme
2023-07-27 02:36:37.025 [info] Extracted extension to /home/birahe/.vscode-oss/extensions/.ff106b02-542a-4bac-9f19-2628bba744d0: pkief.material-icon-theme
2023-07-27 02:36:37.030 [info] Renamed to /home/birahe/.vscode-oss/extensions/pkief.material-icon-theme-4.29.0
2023-07-27 02:36:37.032 [info] Extracting extension completed. pkief.material-icon-theme
2023-07-27 02:36:37.040 [info] Extension installed successfully: pkief.material-icon-theme
2023-07-27 02:36:59.927 [info] Getting Manifest... esbenp.prettier-vscode
2023-07-27 02:36:59.936 [info] Installing extension: esbenp.prettier-vscode
2023-07-27 02:37:00.111 [info] Extension installed successfully: esbenp.prettier-vscode
2023-07-27 02:37:06.947 [info] Getting Manifest... esbenp.prettier-vscode
2023-07-27 02:37:06.956 [info] Installing extension: esbenp.prettier-vscode
2023-07-27 02:37:07.158 [info] Extension installed successfully: esbenp.prettier-vscode
