[80721][1690458538691][main][info]["Booting Postman 10.16.0, linux-6.3.6-zen1-1-zen on x64"]
[80721][1690458538695][main][info]["EventBus~initialize - Success"]
[80721][1690458538698][main][info]["Proxy configuration has not been setup"]
[80721][1690458538699][main][info]["CloudProxyManager~init - Success"]
[80721][1690458538706][main][info]["performShellDataMigration: Starting shell data migration"]
[80721][1690458538707][main][info]["migrateShellData:Starting"]
[80721][1690458538732][main][info]["migrateShellData: Old storage cleaned up"]
[80721][1690458538961][main][info]["migrateShellData: Got data from shell. Writing to storage"]
[80721][1690458538973][main][info]["performShellDataMigration: Migration successful on try count 1"]
[80721][1690458538989][main][info]["UpdateHandler~init - Success"]
[80721][1690458538995][main][info]["LeaderSelection: Initialized successfully"]
[80721][1690458538997][main][info]["VersionDependencyService: Initialized successfully"]
[80721][1690458539019][main][info]["Generated root certificate for linux"]
[80721][1690458539026][main][info]["LinuxAutoUpdater~Cleanup - Initial cleanup successful"]
[80721][1690458539056][main][info]["GPU detected VID 4098 DID 5686 ACTIVE true"]
[80721][1690458539094][main][info]["shellController~init: Success"]
[80721][1690458539102][main][info]["shellMeta~init: Success"]
[80721][1690458539102][main][info]["partitionMigrationService: State of V7 partition:"]
[80721][1690458539102][main][info]["partitionMigrationService: V7 partitions",[]]
[80721][1690458539103][main][info]["partitionMigrationService~rectifyNamespaceOfScratchPadPartition: There is no partition with scratchpad namespace"]
[80721][1690458539103][main][info]["partitionMigrationService~rectifyNamespaceOfScratchPadPartition: There is no transit partition which could have been used for scratchpad"]
[80721][1690458539103][main][info]["partitionMigrationService~init: Success"]
[80721][1690458539115][main][info]["partitionMigrationService~runV8PartitionsIntegrity: Two way migration~ removing the following partitions from v8",[]]
[80721][1690458539120][main][info]["userPartitionService~_rectifyTheActivePartitionOfApplication: Setting the active partition to ",null]
[80721][1690458539132][main][info]["userPartitionService~init: Success"]
[80721][1690458539148][main][info]["userPartitionService: State of v8 partition system:"]
[80721][1690458539153][main][info]["shell~init~getPartitionToLoad: loading scratchpad partition"]
[80721][1690458539157][main][info]["userPartitionService: List of partitions:",[]]
[80721][1690458539157][main][info]["userPartitionService: users global meta:",{}]
[80721][1690458542066][main][info]["RuntimeIPCAgent~started: Success"]
[80721][1690458542675][main][info]["UpdateHandler~app-update-events - Received event",{"name":"checkForElectronVersionUpdated","namespace":"appUpdate"}]
[80721][1690458542688][main][info]["windowManager: First requester booted successfully."]
[80721][1690458542689][main][info]["windowManager~restoreWindows: Restoring requester windows"]
[80721][1690458542690][main][info]["Main~AppEvents - Received booted event for process requester.Version undefined UI Version: undefined Desktop Platform Version: 10.16.0"]
[80721][1690458550352][main][info]["VersionDependencyService: Resetting UI version as user logged out/switched account"]
[80721][1690458550353][main][info]["Main - model-events~user - (users, add) received"]
[80721][1690458551051][main][warn]["AuthHandler~open: Current app is not default protocol client - Falling back to polling mechanism."]
[80721][1690458578057][main][info]["Shell~init~loginUser: associating the user ","18087279"," with transit partition"]
[80721][1690458578099][main][info]["userPartitionService~associateTransitPartition: ",{"partitionId":"bfa9e8bb-4c2f-413c-b94b-edafb1e67d62","context":{"namespace":"users","userId":"18087279","teamId":"2696110"}}]
[80721][1690458578125][main][info]["userPartitionService: State of v8 partition system:"]
[80721][1690458578134][main][info]["userPartitionService: List of partitions:",[{"partitionId":"bfa9e8bb-4c2f-413c-b94b-edafb1e67d62","namespace":"users","userId":"18087279","teamId":"2696110","lastUpdated":"2023-07-27T11:49:38.099Z"},{"partitionId":"107e91c1-670f-4ac4-a71d-e29a11d7ae03","namespace":"scratchPad","userId":0,"teamId":0,"isDirty":false}]]
[80721][1690458578135][main][info]["userPartitionService: users global meta:",{}]
[80721][1690458583604][main][info]["Main - model-events~user - (user, update) received"]
[80721][1690458583605][main][info]["Main~reload: https://desktop.postman.com/?desktopVersion=10.16.0&userId=18087279&teamId=2696110"]
[80721][1690458584089][main][info]["UpdateHandler~app-update-events - Received event",{"name":"checkForElectronVersionUpdated","namespace":"appUpdate"}]
[80721][1690458584121][main][info]["windowManager: First requester booted successfully."]
[80721][1690458584122][main][info]["windowManager~restoreWindows: Restoring requester windows"]
[80721][1690458584122][main][info]["Main~AppEvents - Received booted event for process requester.Version 10.16.3 UI Version: 10.16.3-ui-230720-1557 Desktop Platform Version: 10.16.0"]
[80721][1690458587182][main][info]["Main - model-events~user - (user, update) received"]
[80721][1690458587658][main][info]["UpdateHandler~app-update-events - Received event",{"name":"checkForElectronVersionUpdated","namespace":"appUpdate"}]
[80721][1690458587676][main][info]["Main~AppEvents - Received booted event for process requester.Version 10.16.3 UI Version: 10.16.3-ui-230720-1557 Desktop Platform Version: 10.16.0"]
[80721][1690458588648][main][info]["Main - model-events~user - (user, bootstrapUser) received"]
[80721][1690458588648][main][info]["model-events~user - bootstrapUser received"]
[80721][1690458589266][main][info]["Main - model-events~user - (user, bootstrapUser) received"]
[80721][1690458589266][main][info]["model-events~user - bootstrapUser received"]
[80721][1690458589544][main][info]["Main~getPlatformLaunchPerfMetrics"]
