2023-07-27 14:46:34.626 [info] Log level: Info
2023-07-27 14:46:34.626 [info] Validating found git in: "git"
2023-07-27 14:46:34.626 [info] Using git "2.41.0" from "git"
2023-07-27 14:46:34.631 [info] > git rev-parse --show-toplevel [8ms]
2023-07-27 14:46:34.652 [info] > git rev-parse --git-dir --git-common-dir [9ms]
2023-07-27 14:46:34.669 [info] Open repository: /home/birahe/Projects/GoLang-Snippetbox
2023-07-27 14:46:34.698 [info] > git rev-parse --show-toplevel [19ms]
2023-07-27 14:46:34.721 [info] > git rev-parse --show-toplevel [17ms]
2023-07-27 14:46:34.730 [info] > git config --get commit.template [33ms]
2023-07-27 14:46:34.795 [info] > git rev-parse --show-toplevel [67ms]
2023-07-27 14:46:34.868 [info] > git for-each-ref --format=%(refname)%00%(upstream:short)%00%(objectname)%00%(upstream:track)%00%(upstream:remotename)%00%(upstream:remoteref) refs/heads/master refs/remotes/master [20ms]
2023-07-27 14:46:34.879 [info] > git status -z -uall [3ms]
2023-07-27 14:46:34.895 [info] > git config --get commit.template [1ms]
2023-07-27 14:46:34.903 [info] > git for-each-ref --format=%(refname)%00%(upstream:short)%00%(objectname)%00%(upstream:track)%00%(upstream:remotename)%00%(upstream:remoteref) refs/heads/master refs/remotes/master [1ms]
2023-07-27 14:46:34.912 [info] > git status -z -uall [2ms]
2023-07-27 14:46:35.197 [info] > git check-ignore -v -z --stdin [2ms]
2023-07-27 14:46:40.767 [info] > git show --textconv :cmd/web/main.go [14ms]
2023-07-27 14:46:40.770 [info] > git ls-files --stage -- /home/birahe/Projects/GoLang-Snippetbox/cmd/web/main.go [4ms]
2023-07-27 14:46:40.783 [info] > git cat-file -s df5ee5f997a5fe07e7226b9b2e7e62e789d6050c [2ms]
2023-07-27 14:50:31.059 [info] > git config --get commit.template [2ms]
2023-07-27 14:50:31.073 [info] > git for-each-ref --format=%(refname)%00%(upstream:short)%00%(objectname)%00%(upstream:track)%00%(upstream:remotename)%00%(upstream:remoteref) refs/heads/master refs/remotes/master [2ms]
2023-07-27 14:50:31.092 [info] > git status -z -uall [3ms]
2023-07-27 14:50:31.609 [info] > git show --textconv :cmd/web/routes.go [13ms]
2023-07-27 14:50:31.612 [info] > git ls-files --stage -- /home/birahe/Projects/GoLang-Snippetbox/cmd/web/routes.go [3ms]
2023-07-27 14:50:31.628 [info] > git cat-file -s b43601bf8a490f1fb199573ed83b32f8152a6c10 [3ms]
2023-07-27 14:50:32.355 [info] > git show --textconv :cmd/web/helpers.go [14ms]
2023-07-27 14:50:32.357 [info] > git ls-files --stage -- /home/birahe/Projects/GoLang-Snippetbox/cmd/web/helpers.go [3ms]
2023-07-27 14:50:32.371 [info] > git cat-file -s 074926940c5da66138386b94210506312647a909 [4ms]
2023-07-27 14:50:33.353 [info] > git show --textconv :cmd/web/handlers.go [12ms]
2023-07-27 14:50:33.355 [info] > git ls-files --stage -- /home/birahe/Projects/GoLang-Snippetbox/cmd/web/handlers.go [2ms]
2023-07-27 14:50:33.371 [info] > git cat-file -s e0dec354eacc3c7ce08bc196d1ef8fab6c4e4976 [5ms]
2023-07-27 14:50:36.111 [info] > git config --get commit.template [1ms]
2023-07-27 14:50:36.124 [info] > git for-each-ref --format=%(refname)%00%(upstream:short)%00%(objectname)%00%(upstream:track)%00%(upstream:remotename)%00%(upstream:remoteref) refs/heads/master refs/remotes/master [2ms]
2023-07-27 14:50:36.137 [info] > git status -z -uall [2ms]
2023-07-27 14:51:04.746 [info] > git check-ignore -v -z --stdin [1ms]
