2023-05-19 09:05:26 Loading main app package /usr/lib/obsidian/obsidian.asar
2023-05-19 09:05:26 Checking for update using Github
2023-05-19 09:05:27 Success.
2023-05-19 09:05:27 Latest version is 1.2.8
2023-05-19 09:05:27 App is up to date.
2023-05-19 16:24:33 Loading main app package /usr/lib/obsidian/obsidian.asar
2023-05-19 16:24:33 Checking for update using Github
2023-05-19 16:24:34 Success.
2023-05-19 16:24:34 Latest version is 1.2.8
2023-05-19 16:24:34 App is up to date.
2023-05-19 18:10:02 Checking for update using Github
2023-05-19 18:10:02 Success.
2023-05-19 18:10:02 Latest version is 1.2.8
2023-05-19 18:10:02 App is up to date.
2023-05-19 19:17:40 Checking for update using Github
2023-05-19 19:17:40 Success.
2023-05-19 19:17:40 Latest version is 1.2.8
2023-05-19 19:17:40 App is up to date.
2023-05-19 20:17:40 Checking for update using Github
2023-05-19 20:17:40 Success.
2023-05-19 20:17:40 Latest version is 1.2.8
2023-05-19 20:17:40 App is up to date.
2023-05-19 22:26:03 Checking for update using Github
2023-05-19 22:26:04 Success.
2023-05-19 22:26:04 Latest version is 1.2.8
2023-05-19 22:26:04 App is up to date.
2023-05-20 08:54:53 Checking for update using Github
2023-05-20 08:54:53 Success.
2023-05-20 08:54:53 Latest version is 1.2.8
2023-05-20 08:54:53 App is up to date.
2023-05-20 20:26:59 Checking for update using Github
2023-05-20 20:26:59 Success.
2023-05-20 20:26:59 Latest version is 1.2.8
2023-05-20 20:26:59 App is up to date.
2023-05-20 21:55:58 Checking for update using Github
2023-05-20 21:55:58 Success.
2023-05-20 21:55:58 Latest version is 1.2.8
2023-05-20 21:55:58 App is up to date.
2023-05-20 22:55:58 Checking for update using Github
2023-05-20 22:55:58 Success.
2023-05-20 22:55:58 Latest version is 1.2.8
2023-05-20 22:55:58 App is up to date.
2023-05-21 12:07:27 Checking for update using Github
2023-05-21 12:07:27 Success.
2023-05-21 12:07:27 Latest version is 1.2.8
2023-05-21 12:07:27 App is up to date.
2023-06-03 08:04:48 Loading main app package /usr/lib/obsidian/obsidian.asar
2023-06-03 08:04:49 Checking for update using Github
2023-06-03 08:04:49 Success.
2023-06-03 08:04:49 Latest version is 1.3.5
2023-06-03 08:04:49 Downloading update from https://github.com/obsidianmd/obsidian-releases/releases/download/v1.3.5/obsidian-1.3.5.asar.gz
2023-06-03 08:04:51 Verifying hash & signature. Size= 7610287
2023-06-03 08:04:51 Saving file
2023-06-03 08:04:51 Update complete.
2023-06-03 09:04:49 Checking for update using Github
2023-06-03 09:04:49 Success.
2023-06-03 09:04:49 Latest version is 1.3.5
2023-06-03 09:04:49 An update is already downloaded.
2023-06-03 16:32:33 Loading updated app package /home/birahe/.config/obsidian/obsidian-1.3.5.asar
2023-06-03 16:32:34 Checking for update using Github
2023-06-03 16:32:34 Success.
2023-06-03 16:32:34 Latest version is 1.3.5
2023-06-03 16:32:34 App is up to date.
2023-06-03 17:32:33 Checking for update using Github
2023-06-03 17:32:34 Success.
2023-06-03 17:32:34 Latest version is 1.3.5
2023-06-03 17:32:34 App is up to date.
2023-06-22 10:13:04 Loading main app package /usr/lib/obsidian/obsidian.asar
2023-06-22 10:13:04 Checking for update using Github
2023-06-22 10:13:05 Success.
2023-06-22 10:13:05 Latest version is 1.3.5
2023-06-22 10:13:05 App is up to date.
2023-07-24 18:10:55 Loading main app package /usr/lib/obsidian/obsidian.asar
2023-07-24 18:10:56 Checking for update using Github
2023-07-24 18:10:56 Success.
2023-07-24 18:10:56 Latest version is 1.3.5
2023-07-24 18:10:56 App is up to date.
