2023-07-27 02:23:07.743 [info] Extension host with pid 5642 started
2023-07-27 02:23:07.768 [info] ExtensionService#_doActivateExtension vscode.git-base, startup: true, activationEvent: '*', root cause: vscode.git
2023-07-27 02:23:07.772 [info] ExtensionService#_doActivateExtension s-nlf-fh.glassit, startup: true, activationEvent: '*'
2023-07-27 02:23:07.857 [info] ExtensionService#_doActivateExtension vscode.git, startup: true, activationEvent: '*'
2023-07-27 02:23:07.873 [info] ExtensionService#_doActivateExtension vscode.github, startup: true, activationEvent: '*'
2023-07-27 02:23:07.895 [info] Eager extensions activated
2023-07-27 02:23:07.934 [info] ExtensionService#_doActivateExtension vscode.debug-auto-launch, startup: false, activationEvent: 'onStartupFinished'
2023-07-27 02:23:07.937 [info] ExtensionService#_doActivateExtension vscode.merge-conflict, startup: false, activationEvent: 'onStartupFinished'
2023-07-27 02:23:07.945 [info] ExtensionService#_doActivateExtension vscode.json-language-features, startup: false, activationEvent: 'onLanguage:jsonc'
2023-07-27 02:23:07.961 [info] ExtensionService#_doActivateExtension vscode.typescript-language-features, startup: false, activationEvent: 'onLanguage:jsonc'
2023-07-27 02:23:07.972 [info] ExtensionService#_doActivateExtension vscode.emmet, startup: false, activationEvent: 'onLanguage'
2023-07-27 02:23:35.652 [info] ExtensionService#_doActivateExtension vscode.grunt, startup: false, activationEvent: 'onTaskType:grunt'
2023-07-27 02:23:35.659 [info] ExtensionService#_doActivateExtension vscode.gulp, startup: false, activationEvent: 'onTaskType:gulp'
2023-07-27 02:23:35.663 [info] ExtensionService#_doActivateExtension vscode.jake, startup: false, activationEvent: 'onTaskType:jake'
2023-07-27 02:23:35.667 [info] ExtensionService#_doActivateExtension vscode.npm, startup: false, activationEvent: 'onTaskType:npm'
2023-07-27 02:25:36.427 [info] Extension host terminating: renderer closed the MessagePort
2023-07-27 02:25:36.449 [info] Extension host with pid 5642 exiting with code 0
2023-07-27 02:25:37.784 [info] Extension host with pid 9556 started
2023-07-27 02:25:37.878 [info] ExtensionService#_doActivateExtension vscode.emmet, startup: false, activationEvent: 'onLanguage'
2023-07-27 02:25:37.949 [info] ExtensionService#_doActivateExtension vscode.git-base, startup: true, activationEvent: '*', root cause: vscode.git
2023-07-27 02:25:38.012 [info] ExtensionService#_doActivateExtension vscode.git, startup: true, activationEvent: '*'
2023-07-27 02:25:38.026 [info] ExtensionService#_doActivateExtension vscode.github, startup: true, activationEvent: '*'
2023-07-27 02:25:38.050 [info] Eager extensions activated
2023-07-27 02:25:38.061 [info] ExtensionService#_doActivateExtension vscode.debug-auto-launch, startup: false, activationEvent: 'onStartupFinished'
2023-07-27 02:25:38.063 [info] ExtensionService#_doActivateExtension vscode.merge-conflict, startup: false, activationEvent: 'onStartupFinished'
2023-07-27 02:26:08.139 [info] ExtensionService#_doActivateExtension esbenp.prettier-vscode, startup: false, activationEvent: 'onStartupFinished'
2023-07-27 02:26:46.496 [info] Extension host terminating: renderer closed the MessagePort
2023-07-27 02:26:46.503 [info] Extension host with pid 9556 exiting with code 0
